<?xml version="1.0" encoding="UTF-8"?>
<!-- Generated by org.testng.reporters.JUnitReportReporter -->
<testsuite hostname="DESKTOP-0UU43QH" failures="0" tests="3" name="TestSuite.CrossBrowse" time="18.313" errors="0" timestamp="2022-07-18T17:39:58 BOT" skipped="0">
  <testcase classname="TestSuite.CrossBrowse" name="Cross_browse_test" time="5.672"/>
  <system-out/>
  <testcase classname="TestSuite.CrossBrowse" name="Cross_browse_test" time="7.300"/>
  <system-out/>
  <testcase classname="TestSuite.CrossBrowse" name="Cross_browse_test" time="5.341"/>
  <system-out/>
</testsuite> <!-- TestSuite.CrossBrowse -->
