<?xml version="1.0" encoding="UTF-8"?>
<!-- Generated by org.testng.reporters.JUnitReportReporter -->
<testsuite hostname="DESKTOP-0UU43QH" failures="0" tests="1" name="TestSuite.PixelPerfect" time="8.673" errors="0" timestamp="2022-07-18T15:37:41 BOT" skipped="0">
  <testcase classname="TestSuite.PixelPerfect" name="Pixel_Verification" time="8.673"/>
  <system-out/>
</testsuite> <!-- TestSuite.PixelPerfect -->
