<?xml version="1.0" encoding="UTF-8"?>
<!-- Generated by org.testng.reporters.JUnitReportReporter -->
<testsuite hostname="DESKTOP-0UU43QH" failures="0" tests="1" name="TestSuite.TestSuite" time="5.157" errors="0" timestamp="2022-07-17T11:59:29 BOT" skipped="0">
  <testcase classname="TestSuite.TestSuite" name="tc_02_validate_contactform" time="5.157"/>
  <system-out/>
</testsuite> <!-- TestSuite.TestSuite -->
